2023-10-20 23:08, nodata
2023-10-21 23:08, success
2023-10-22 23:08, success
2023-10-23 23:08, partial
2023-10-24 23:08, partial
2023-10-25 23:08, success
2023-10-26 23:08, success
2023-10-27 23:08, failure
2023-10-28 23:08, failure
2023-10-29 23:08, success
2023-10-30 23:08, success
2023-10-31 23:08, random_text
2023-11-01 23:08, success
2023-11-02 23:08, success
2023-11-03 23:08, success
2023-11-04 06:37, success
2023-11-04 07:36, success
2023-11-04 08:37, success
2023-11-04 09:37, success
2023-11-04 10:37, success
2023-11-04 11:37, success
2023-11-04 12:47, success
2023-11-04 13:37, success
2023-11-04 14:36, success
2023-11-04 15:37, success
2023-11-04 16:38, success
2023-11-04 17:37, success
2023-11-04 18:37, success
2023-11-04 19:36, success
2023-11-04 20:36, success
2023-11-04 21:37, success
2023-11-04 22:37, success
2023-11-04 23:37, success
2023-11-05 01:38, success
2023-11-05 02:39, success
2023-11-05 03:37, success
2023-11-05 04:37, success
2023-11-05 05:37, success
2023-11-05 06:37, success
2023-11-05 07:36, success
2023-11-05 08:37, success
2023-11-05 09:37, success
2023-11-05 10:37, success
2023-11-05 11:37, success
2023-11-05 12:47, success
2023-11-05 13:37, success
2023-11-05 14:37, success
2023-11-05 15:37, success
2023-11-05 16:38, success
2023-11-05 17:37, success
2023-11-05 18:37, success
2023-11-05 19:37, success
2023-11-05 20:36, success
2023-11-05 21:36, success
2023-11-05 22:37, success
2023-11-05 23:37, success
2023-11-06 01:37, success
2023-11-06 02:40, success
2023-11-06 03:36, success
2023-11-06 04:37, success
2023-11-06 05:37, success
2023-11-06 06:38, success
2023-11-06 07:37, success
2023-11-06 08:39, failed
2023-11-06 09:38, success
2023-11-06 10:40, success
2023-11-06 11:37, failed
2023-11-06 12:53, failed
2023-11-06 13:37, success
2023-11-06 14:38, success
2023-11-06 15:38, failed
2023-11-06 16:42, success
2023-11-06 17:37, success
2023-11-06 18:38, success
2023-11-06 19:37, success
2023-11-06 20:37, success
2023-11-06 21:37, success
2023-11-06 22:37, success
2023-11-06 23:37, success
2023-11-07 01:36, success
